ERROR - 2022-05-22 12:18:16 --> Error connecting to the database: No such file or directory
CRITICAL - 2022-05-22 12:18:16 --> Unable to connect to the database.
Main connection [MySQLi]: No such file or directory
#0 /home/rizki/Desktop/Projects/uji/ci4/easyAPI/vendor/codeigniter4/framework/system/Database/BaseConnection.php(577): CodeIgniter\Database\BaseConnection->initialize()
#1 /home/rizki/Desktop/Projects/uji/ci4/easyAPI/vendor/codeigniter4/framework/system/Database/BaseConnection.php(1338): CodeIgniter\Database\BaseConnection->query()
#2 /home/rizki/Desktop/Projects/uji/ci4/easyAPI/vendor/asligresik/easyapi/src/Commands/API/GeneratorCommand.php(186): CodeIgniter\Database\BaseConnection->listTables()
#3 /home/rizki/Desktop/Projects/uji/ci4/easyAPI/vendor/asligresik/easyapi/src/Commands/API/GeneratorCommand.php(121): asligresik\easyapi\Commands\API\GeneratorCommand->listTable()
#4 /home/rizki/Desktop/Projects/uji/ci4/easyAPI/vendor/codeigniter4/framework/system/CLI/Commands.php(63): asligresik\easyapi\Commands\API\GeneratorCommand->run()
#5 /home/rizki/Desktop/Projects/uji/ci4/easyAPI/vendor/codeigniter4/framework/system/CLI/CommandRunner.php(70): CodeIgniter\CLI\Commands->run()
#6 /home/rizki/Desktop/Projects/uji/ci4/easyAPI/vendor/codeigniter4/framework/system/CLI/CommandRunner.php(56): CodeIgniter\CLI\CommandRunner->index()
#7 /home/rizki/Desktop/Projects/uji/ci4/easyAPI/vendor/codeigniter4/framework/system/CodeIgniter.php(830): CodeIgniter\CLI\CommandRunner->_remap()
#8 /home/rizki/Desktop/Projects/uji/ci4/easyAPI/vendor/codeigniter4/framework/system/CodeIgniter.php(419): CodeIgniter\CodeIgniter->runController()
#9 /home/rizki/Desktop/Projects/uji/ci4/easyAPI/vendor/codeigniter4/framework/system/CodeIgniter.php(326): CodeIgniter\CodeIgniter->handleRequest()
#10 /home/rizki/Desktop/Projects/uji/ci4/easyAPI/vendor/codeigniter4/framework/system/CLI/Console.php(48): CodeIgniter\CodeIgniter->run()
#11 /home/rizki/Desktop/Projects/uji/ci4/easyAPI/spark(63): CodeIgniter\CLI\Console->run()
#12 {main}
ERROR - 2022-05-22 12:20:59 --> Error connecting to the database: No such file or directory
CRITICAL - 2022-05-22 12:20:59 --> Unable to connect to the database.
Main connection [MySQLi]: No such file or directory
#0 /home/rizki/Desktop/Projects/uji/ci4/easyAPI/vendor/codeigniter4/framework/system/Database/BaseConnection.php(577): CodeIgniter\Database\BaseConnection->initialize()
#1 /home/rizki/Desktop/Projects/uji/ci4/easyAPI/vendor/codeigniter4/framework/system/Database/BaseConnection.php(1338): CodeIgniter\Database\BaseConnection->query()
#2 /home/rizki/Desktop/Projects/uji/ci4/easyAPI/vendor/asligresik/easyapi/src/Commands/API/GeneratorCommand.php(186): CodeIgniter\Database\BaseConnection->listTables()
#3 /home/rizki/Desktop/Projects/uji/ci4/easyAPI/vendor/asligresik/easyapi/src/Commands/API/GeneratorCommand.php(121): asligresik\easyapi\Commands\API\GeneratorCommand->listTable()
#4 /home/rizki/Desktop/Projects/uji/ci4/easyAPI/vendor/codeigniter4/framework/system/CLI/Commands.php(63): asligresik\easyapi\Commands\API\GeneratorCommand->run()
#5 /home/rizki/Desktop/Projects/uji/ci4/easyAPI/vendor/codeigniter4/framework/system/CLI/CommandRunner.php(70): CodeIgniter\CLI\Commands->run()
#6 /home/rizki/Desktop/Projects/uji/ci4/easyAPI/vendor/codeigniter4/framework/system/CLI/CommandRunner.php(56): CodeIgniter\CLI\CommandRunner->index()
#7 /home/rizki/Desktop/Projects/uji/ci4/easyAPI/vendor/codeigniter4/framework/system/CodeIgniter.php(830): CodeIgniter\CLI\CommandRunner->_remap()
#8 /home/rizki/Desktop/Projects/uji/ci4/easyAPI/vendor/codeigniter4/framework/system/CodeIgniter.php(419): CodeIgniter\CodeIgniter->runController()
#9 /home/rizki/Desktop/Projects/uji/ci4/easyAPI/vendor/codeigniter4/framework/system/CodeIgniter.php(326): CodeIgniter\CodeIgniter->handleRequest()
#10 /home/rizki/Desktop/Projects/uji/ci4/easyAPI/vendor/codeigniter4/framework/system/CLI/Console.php(48): CodeIgniter\CodeIgniter->run()
#11 /home/rizki/Desktop/Projects/uji/ci4/easyAPI/spark(63): CodeIgniter\CLI\Console->run()
#12 {main}
ERROR - 2022-05-22 12:21:43 --> Error connecting to the database: No such file or directory
CRITICAL - 2022-05-22 12:21:43 --> Unable to connect to the database.
Main connection [MySQLi]: No such file or directory
#0 /home/rizki/Desktop/Projects/uji/ci4/easyAPI/vendor/codeigniter4/framework/system/Database/BaseConnection.php(577): CodeIgniter\Database\BaseConnection->initialize()
#1 /home/rizki/Desktop/Projects/uji/ci4/easyAPI/vendor/codeigniter4/framework/system/Database/BaseConnection.php(1338): CodeIgniter\Database\BaseConnection->query()
#2 /home/rizki/Desktop/Projects/uji/ci4/easyAPI/vendor/asligresik/easyapi/src/Commands/API/GeneratorCommand.php(186): CodeIgniter\Database\BaseConnection->listTables()
#3 /home/rizki/Desktop/Projects/uji/ci4/easyAPI/vendor/asligresik/easyapi/src/Commands/API/GeneratorCommand.php(121): asligresik\easyapi\Commands\API\GeneratorCommand->listTable()
#4 /home/rizki/Desktop/Projects/uji/ci4/easyAPI/vendor/codeigniter4/framework/system/CLI/Commands.php(63): asligresik\easyapi\Commands\API\GeneratorCommand->run()
#5 /home/rizki/Desktop/Projects/uji/ci4/easyAPI/vendor/codeigniter4/framework/system/CLI/CommandRunner.php(70): CodeIgniter\CLI\Commands->run()
#6 /home/rizki/Desktop/Projects/uji/ci4/easyAPI/vendor/codeigniter4/framework/system/CLI/CommandRunner.php(56): CodeIgniter\CLI\CommandRunner->index()
#7 /home/rizki/Desktop/Projects/uji/ci4/easyAPI/vendor/codeigniter4/framework/system/CodeIgniter.php(830): CodeIgniter\CLI\CommandRunner->_remap()
#8 /home/rizki/Desktop/Projects/uji/ci4/easyAPI/vendor/codeigniter4/framework/system/CodeIgniter.php(419): CodeIgniter\CodeIgniter->runController()
#9 /home/rizki/Desktop/Projects/uji/ci4/easyAPI/vendor/codeigniter4/framework/system/CodeIgniter.php(326): CodeIgniter\CodeIgniter->handleRequest()
#10 /home/rizki/Desktop/Projects/uji/ci4/easyAPI/vendor/codeigniter4/framework/system/CLI/Console.php(48): CodeIgniter\CodeIgniter->run()
#11 /home/rizki/Desktop/Projects/uji/ci4/easyAPI/spark(63): CodeIgniter\CLI\Console->run()
#12 {main}
ERROR - 2022-05-22 12:22:22 --> Error connecting to the database: No such file or directory
CRITICAL - 2022-05-22 12:22:22 --> Unable to connect to the database.
Main connection [MySQLi]: No such file or directory
#0 /home/rizki/Desktop/Projects/uji/ci4/easyAPI/vendor/codeigniter4/framework/system/Database/BaseConnection.php(577): CodeIgniter\Database\BaseConnection->initialize()
#1 /home/rizki/Desktop/Projects/uji/ci4/easyAPI/vendor/codeigniter4/framework/system/Database/BaseConnection.php(1338): CodeIgniter\Database\BaseConnection->query()
#2 /home/rizki/Desktop/Projects/uji/ci4/easyAPI/vendor/asligresik/easyapi/src/Commands/API/GeneratorCommand.php(186): CodeIgniter\Database\BaseConnection->listTables()
#3 /home/rizki/Desktop/Projects/uji/ci4/easyAPI/vendor/asligresik/easyapi/src/Commands/API/GeneratorCommand.php(121): asligresik\easyapi\Commands\API\GeneratorCommand->listTable()
#4 /home/rizki/Desktop/Projects/uji/ci4/easyAPI/vendor/codeigniter4/framework/system/CLI/Commands.php(63): asligresik\easyapi\Commands\API\GeneratorCommand->run()
#5 /home/rizki/Desktop/Projects/uji/ci4/easyAPI/vendor/codeigniter4/framework/system/CLI/CommandRunner.php(70): CodeIgniter\CLI\Commands->run()
#6 /home/rizki/Desktop/Projects/uji/ci4/easyAPI/vendor/codeigniter4/framework/system/CLI/CommandRunner.php(56): CodeIgniter\CLI\CommandRunner->index()
#7 /home/rizki/Desktop/Projects/uji/ci4/easyAPI/vendor/codeigniter4/framework/system/CodeIgniter.php(830): CodeIgniter\CLI\CommandRunner->_remap()
#8 /home/rizki/Desktop/Projects/uji/ci4/easyAPI/vendor/codeigniter4/framework/system/CodeIgniter.php(419): CodeIgniter\CodeIgniter->runController()
#9 /home/rizki/Desktop/Projects/uji/ci4/easyAPI/vendor/codeigniter4/framework/system/CodeIgniter.php(326): CodeIgniter\CodeIgniter->handleRequest()
#10 /home/rizki/Desktop/Projects/uji/ci4/easyAPI/vendor/codeigniter4/framework/system/CLI/Console.php(48): CodeIgniter\CodeIgniter->run()
#11 /home/rizki/Desktop/Projects/uji/ci4/easyAPI/spark(63): CodeIgniter\CLI\Console->run()
#12 {main}
ERROR - 2022-05-22 12:23:51 --> Error connecting to the database: No such file or directory
CRITICAL - 2022-05-22 12:23:51 --> Unable to connect to the database.
Main connection [MySQLi]: No such file or directory
#0 /home/rizki/Desktop/Projects/uji/ci4/easyAPI/vendor/codeigniter4/framework/system/Database/BaseConnection.php(577): CodeIgniter\Database\BaseConnection->initialize()
#1 /home/rizki/Desktop/Projects/uji/ci4/easyAPI/vendor/codeigniter4/framework/system/Database/BaseConnection.php(1338): CodeIgniter\Database\BaseConnection->query()
#2 /home/rizki/Desktop/Projects/uji/ci4/easyAPI/vendor/asligresik/easyapi/src/Commands/API/GeneratorCommand.php(186): CodeIgniter\Database\BaseConnection->listTables()
#3 /home/rizki/Desktop/Projects/uji/ci4/easyAPI/vendor/asligresik/easyapi/src/Commands/API/GeneratorCommand.php(121): asligresik\easyapi\Commands\API\GeneratorCommand->listTable()
#4 /home/rizki/Desktop/Projects/uji/ci4/easyAPI/vendor/codeigniter4/framework/system/CLI/Commands.php(63): asligresik\easyapi\Commands\API\GeneratorCommand->run()
#5 /home/rizki/Desktop/Projects/uji/ci4/easyAPI/vendor/codeigniter4/framework/system/CLI/CommandRunner.php(70): CodeIgniter\CLI\Commands->run()
#6 /home/rizki/Desktop/Projects/uji/ci4/easyAPI/vendor/codeigniter4/framework/system/CLI/CommandRunner.php(56): CodeIgniter\CLI\CommandRunner->index()
#7 /home/rizki/Desktop/Projects/uji/ci4/easyAPI/vendor/codeigniter4/framework/system/CodeIgniter.php(830): CodeIgniter\CLI\CommandRunner->_remap()
#8 /home/rizki/Desktop/Projects/uji/ci4/easyAPI/vendor/codeigniter4/framework/system/CodeIgniter.php(419): CodeIgniter\CodeIgniter->runController()
#9 /home/rizki/Desktop/Projects/uji/ci4/easyAPI/vendor/codeigniter4/framework/system/CodeIgniter.php(326): CodeIgniter\CodeIgniter->handleRequest()
#10 /home/rizki/Desktop/Projects/uji/ci4/easyAPI/vendor/codeigniter4/framework/system/CLI/Console.php(48): CodeIgniter\CodeIgniter->run()
#11 /home/rizki/Desktop/Projects/uji/ci4/easyAPI/spark(63): CodeIgniter\CLI\Console->run()
#12 {main}
ERROR - 2022-05-22 12:25:05 --> Error connecting to the database: No such file or directory
CRITICAL - 2022-05-22 12:25:05 --> Unable to connect to the database.
Main connection [MySQLi]: No such file or directory
#0 /home/rizki/Desktop/Projects/uji/ci4/easyAPI/vendor/codeigniter4/framework/system/Database/BaseConnection.php(577): CodeIgniter\Database\BaseConnection->initialize()
#1 /home/rizki/Desktop/Projects/uji/ci4/easyAPI/vendor/codeigniter4/framework/system/Database/BaseConnection.php(1338): CodeIgniter\Database\BaseConnection->query()
#2 /home/rizki/Desktop/Projects/uji/ci4/easyAPI/vendor/asligresik/easyapi/src/Commands/API/GeneratorCommand.php(186): CodeIgniter\Database\BaseConnection->listTables()
#3 /home/rizki/Desktop/Projects/uji/ci4/easyAPI/vendor/asligresik/easyapi/src/Commands/API/GeneratorCommand.php(121): asligresik\easyapi\Commands\API\GeneratorCommand->listTable()
#4 /home/rizki/Desktop/Projects/uji/ci4/easyAPI/vendor/codeigniter4/framework/system/CLI/Commands.php(63): asligresik\easyapi\Commands\API\GeneratorCommand->run()
#5 /home/rizki/Desktop/Projects/uji/ci4/easyAPI/vendor/codeigniter4/framework/system/CLI/CommandRunner.php(70): CodeIgniter\CLI\Commands->run()
#6 /home/rizki/Desktop/Projects/uji/ci4/easyAPI/vendor/codeigniter4/framework/system/CLI/CommandRunner.php(56): CodeIgniter\CLI\CommandRunner->index()
#7 /home/rizki/Desktop/Projects/uji/ci4/easyAPI/vendor/codeigniter4/framework/system/CodeIgniter.php(830): CodeIgniter\CLI\CommandRunner->_remap()
#8 /home/rizki/Desktop/Projects/uji/ci4/easyAPI/vendor/codeigniter4/framework/system/CodeIgniter.php(419): CodeIgniter\CodeIgniter->runController()
#9 /home/rizki/Desktop/Projects/uji/ci4/easyAPI/vendor/codeigniter4/framework/system/CodeIgniter.php(326): CodeIgniter\CodeIgniter->handleRequest()
#10 /home/rizki/Desktop/Projects/uji/ci4/easyAPI/vendor/codeigniter4/framework/system/CLI/Console.php(48): CodeIgniter\CodeIgniter->run()
#11 /home/rizki/Desktop/Projects/uji/ci4/easyAPI/spark(63): CodeIgniter\CLI\Console->run()
#12 {main}
ERROR - 2022-05-22 12:28:43 --> Error connecting to the database: No such file or directory
CRITICAL - 2022-05-22 12:28:43 --> Unable to connect to the database.
Main connection [MySQLi]: No such file or directory
#0 /home/rizki/Desktop/Projects/uji/ci4/easyAPI/vendor/codeigniter4/framework/system/Database/BaseConnection.php(577): CodeIgniter\Database\BaseConnection->initialize()
#1 /home/rizki/Desktop/Projects/uji/ci4/easyAPI/vendor/codeigniter4/framework/system/Database/BaseBuilder.php(1455): CodeIgniter\Database\BaseConnection->query()
#2 /home/rizki/Desktop/Projects/uji/ci4/easyAPI/app/Controllers/Home.php(9): CodeIgniter\Database\BaseBuilder->get()
#3 /home/rizki/Desktop/Projects/uji/ci4/easyAPI/vendor/codeigniter4/framework/system/CodeIgniter.php(832): App\Controllers\Home->index()
#4 /home/rizki/Desktop/Projects/uji/ci4/easyAPI/vendor/codeigniter4/framework/system/CodeIgniter.php(419): CodeIgniter\CodeIgniter->runController()
#5 /home/rizki/Desktop/Projects/uji/ci4/easyAPI/vendor/codeigniter4/framework/system/CodeIgniter.php(326): CodeIgniter\CodeIgniter->handleRequest()
#6 /home/rizki/Desktop/Projects/uji/ci4/easyAPI/public/index.php(45): CodeIgniter\CodeIgniter->run()
#7 /home/rizki/Desktop/Projects/uji/ci4/easyAPI/vendor/codeigniter4/framework/system/Commands/Server/rewrite.php(43): require_once('/home/rizki/Des...')
#8 {main}
ERROR - 2022-05-22 12:29:20 --> Error connecting to the database: No such file or directory
CRITICAL - 2022-05-22 12:29:20 --> Unable to connect to the database.
Main connection [MySQLi]: No such file or directory
#0 /home/rizki/Desktop/Projects/uji/ci4/easyAPI/vendor/codeigniter4/framework/system/Database/BaseConnection.php(577): CodeIgniter\Database\BaseConnection->initialize()
#1 /home/rizki/Desktop/Projects/uji/ci4/easyAPI/vendor/codeigniter4/framework/system/Database/BaseBuilder.php(1455): CodeIgniter\Database\BaseConnection->query()
#2 /home/rizki/Desktop/Projects/uji/ci4/easyAPI/app/Controllers/Home.php(9): CodeIgniter\Database\BaseBuilder->get()
#3 /home/rizki/Desktop/Projects/uji/ci4/easyAPI/vendor/codeigniter4/framework/system/CodeIgniter.php(832): App\Controllers\Home->index()
#4 /home/rizki/Desktop/Projects/uji/ci4/easyAPI/vendor/codeigniter4/framework/system/CodeIgniter.php(419): CodeIgniter\CodeIgniter->runController()
#5 /home/rizki/Desktop/Projects/uji/ci4/easyAPI/vendor/codeigniter4/framework/system/CodeIgniter.php(326): CodeIgniter\CodeIgniter->handleRequest()
#6 /home/rizki/Desktop/Projects/uji/ci4/easyAPI/public/index.php(45): CodeIgniter\CodeIgniter->run()
#7 /home/rizki/Desktop/Projects/uji/ci4/easyAPI/vendor/codeigniter4/framework/system/Commands/Server/rewrite.php(43): require_once('/home/rizki/Des...')
#8 {main}
ERROR - 2022-05-22 13:15:55 --> Error connecting to the database: No such file or directory
CRITICAL - 2022-05-22 13:15:55 --> Unable to connect to the database.
Main connection [MySQLi]: No such file or directory
#0 /home/rizki/Desktop/Projects/uji/ci4/easyAPI/vendor/codeigniter4/framework/system/Database/BaseConnection.php(577): CodeIgniter\Database\BaseConnection->initialize()
#1 /home/rizki/Desktop/Projects/uji/ci4/easyAPI/vendor/codeigniter4/framework/system/Database/BaseBuilder.php(1455): CodeIgniter\Database\BaseConnection->query()
#2 /home/rizki/Desktop/Projects/uji/ci4/easyAPI/app/Controllers/Home.php(9): CodeIgniter\Database\BaseBuilder->get()
#3 /home/rizki/Desktop/Projects/uji/ci4/easyAPI/vendor/codeigniter4/framework/system/CodeIgniter.php(832): App\Controllers\Home->index()
#4 /home/rizki/Desktop/Projects/uji/ci4/easyAPI/vendor/codeigniter4/framework/system/CodeIgniter.php(419): CodeIgniter\CodeIgniter->runController()
#5 /home/rizki/Desktop/Projects/uji/ci4/easyAPI/vendor/codeigniter4/framework/system/CodeIgniter.php(326): CodeIgniter\CodeIgniter->handleRequest()
#6 /home/rizki/Desktop/Projects/uji/ci4/easyAPI/public/index.php(45): CodeIgniter\CodeIgniter->run()
#7 /home/rizki/Desktop/Projects/uji/ci4/easyAPI/vendor/codeigniter4/framework/system/Commands/Server/rewrite.php(43): require_once('/home/rizki/Des...')
#8 {main}
ERROR - 2022-05-22 13:16:25 --> Error connecting to the database: No such file or directory
CRITICAL - 2022-05-22 13:16:25 --> Unable to connect to the database.
Main connection [MySQLi]: No such file or directory
#0 /home/rizki/Desktop/Projects/uji/ci4/easyAPI/vendor/codeigniter4/framework/system/Database/BaseConnection.php(577): CodeIgniter\Database\BaseConnection->initialize()
#1 /home/rizki/Desktop/Projects/uji/ci4/easyAPI/vendor/codeigniter4/framework/system/Database/BaseBuilder.php(1455): CodeIgniter\Database\BaseConnection->query()
#2 /home/rizki/Desktop/Projects/uji/ci4/easyAPI/app/Controllers/Home.php(9): CodeIgniter\Database\BaseBuilder->get()
#3 /home/rizki/Desktop/Projects/uji/ci4/easyAPI/vendor/codeigniter4/framework/system/CodeIgniter.php(832): App\Controllers\Home->index()
#4 /home/rizki/Desktop/Projects/uji/ci4/easyAPI/vendor/codeigniter4/framework/system/CodeIgniter.php(419): CodeIgniter\CodeIgniter->runController()
#5 /home/rizki/Desktop/Projects/uji/ci4/easyAPI/vendor/codeigniter4/framework/system/CodeIgniter.php(326): CodeIgniter\CodeIgniter->handleRequest()
#6 /home/rizki/Desktop/Projects/uji/ci4/easyAPI/public/index.php(45): CodeIgniter\CodeIgniter->run()
#7 /home/rizki/Desktop/Projects/uji/ci4/easyAPI/vendor/codeigniter4/framework/system/Commands/Server/rewrite.php(43): require_once('/home/rizki/Des...')
#8 {main}
ERROR - 2022-05-22 13:16:25 --> Error connecting to the database: No such file or directory
CRITICAL - 2022-05-22 13:16:25 --> Unable to connect to the database.
Main connection [MySQLi]: No such file or directory
#0 /home/rizki/Desktop/Projects/uji/ci4/easyAPI/vendor/codeigniter4/framework/system/Database/BaseConnection.php(577): CodeIgniter\Database\BaseConnection->initialize()
#1 /home/rizki/Desktop/Projects/uji/ci4/easyAPI/vendor/codeigniter4/framework/system/Database/BaseBuilder.php(1455): CodeIgniter\Database\BaseConnection->query()
#2 /home/rizki/Desktop/Projects/uji/ci4/easyAPI/app/Controllers/Home.php(9): CodeIgniter\Database\BaseBuilder->get()
#3 /home/rizki/Desktop/Projects/uji/ci4/easyAPI/vendor/codeigniter4/framework/system/CodeIgniter.php(832): App\Controllers\Home->index()
#4 /home/rizki/Desktop/Projects/uji/ci4/easyAPI/vendor/codeigniter4/framework/system/CodeIgniter.php(419): CodeIgniter\CodeIgniter->runController()
#5 /home/rizki/Desktop/Projects/uji/ci4/easyAPI/vendor/codeigniter4/framework/system/CodeIgniter.php(326): CodeIgniter\CodeIgniter->handleRequest()
#6 /home/rizki/Desktop/Projects/uji/ci4/easyAPI/public/index.php(45): CodeIgniter\CodeIgniter->run()
#7 /home/rizki/Desktop/Projects/uji/ci4/easyAPI/vendor/codeigniter4/framework/system/Commands/Server/rewrite.php(43): require_once('/home/rizki/Des...')
#8 {main}
